[ERROR] 2021-02-03 20:52:20.372 [main] SpringApplication - Application run failed
java.lang.IllegalStateException: java.lang.IllegalStateException: Could not initialize Log4J2 logging from src/main/respources/log4j2.properties
	at org.springframework.boot.context.logging.LoggingApplicationListener.initializeSystem(LoggingApplicationListener.java:327) ~[spring-boot-2.4.2.jar:2.4.2]
	at org.springframework.boot.context.logging.LoggingApplicationListener.initialize(LoggingApplicationListener.java:281) ~[spring-boot-2.4.2.jar:2.4.2]
	at org.springframework.boot.context.logging.LoggingApplicationListener.onApplicationEnvironmentPreparedEvent(LoggingApplicationListener.java:239) ~[spring-boot-2.4.2.jar:2.4.2]
	at org.springframework.boot.context.logging.LoggingApplicationListener.onApplicationEvent(LoggingApplicationListener.java:216) ~[spring-boot-2.4.2.jar:2.4.2]
	at org.springframework.context.event.SimpleApplicationEventMulticaster.doInvokeListener(SimpleApplicationEventMulticaster.java:176) ~[spring-context-5.3.3.jar:5.3.3]
	at org.springframework.context.event.SimpleApplicationEventMulticaster.invokeListener(SimpleApplicationEventMulticaster.java:169) ~[spring-context-5.3.3.jar:5.3.3]
	at org.springframework.context.event.SimpleApplicationEventMulticaster.multicastEvent(SimpleApplicationEventMulticaster.java:143) ~[spring-context-5.3.3.jar:5.3.3]
	at org.springframework.context.event.SimpleApplicationEventMulticaster.multicastEvent(SimpleApplicationEventMulticaster.java:131) ~[spring-context-5.3.3.jar:5.3.3]
	at org.springframework.boot.context.event.EventPublishingRunListener.environmentPrepared(EventPublishingRunListener.java:82) ~[spring-boot-2.4.2.jar:2.4.2]
	at org.springframework.boot.SpringApplicationRunListeners.lambda$environmentPrepared$2(SpringApplicationRunListeners.java:63) ~[spring-boot-2.4.2.jar:2.4.2]
	at java.util.ArrayList.forEach(ArrayList.java:1259) ~[?:1.8.0_271]
	at org.springframework.boot.SpringApplicationRunListeners.doWithListeners(SpringApplicationRunListeners.java:117) ~[spring-boot-2.4.2.jar:2.4.2]
	at org.springframework.boot.SpringApplicationRunListeners.doWithListeners(SpringApplicationRunListeners.java:111) ~[spring-boot-2.4.2.jar:2.4.2]
	at org.springframework.boot.SpringApplicationRunListeners.environmentPrepared(SpringApplicationRunListeners.java:62) ~[spring-boot-2.4.2.jar:2.4.2]
	at org.springframework.boot.SpringApplication.prepareEnvironment(SpringApplication.java:362) [spring-boot-2.4.2.jar:2.4.2]
	at org.springframework.boot.SpringApplication.run(SpringApplication.java:320) [spring-boot-2.4.2.jar:2.4.2]
	at org.springframework.boot.SpringApplication.run(SpringApplication.java:1311) [spring-boot-2.4.2.jar:2.4.2]
	at org.springframework.boot.SpringApplication.run(SpringApplication.java:1300) [spring-boot-2.4.2.jar:2.4.2]
	at es.salesianos.demo.DemoApplication.main(DemoApplication.java:13) [classes/:?]
Caused by: java.lang.IllegalStateException: Could not initialize Log4J2 logging from src/main/respources/log4j2.properties
	at org.springframework.boot.logging.log4j2.Log4J2LoggingSystem.loadConfiguration(Log4J2LoggingSystem.java:193) ~[spring-boot-2.4.2.jar:2.4.2]
	at org.springframework.boot.logging.log4j2.Log4J2LoggingSystem.loadConfiguration(Log4J2LoggingSystem.java:181) ~[spring-boot-2.4.2.jar:2.4.2]
	at org.springframework.boot.logging.AbstractLoggingSystem.initializeWithSpecificConfig(AbstractLoggingSystem.java:66) ~[spring-boot-2.4.2.jar:2.4.2]
	at org.springframework.boot.logging.AbstractLoggingSystem.initialize(AbstractLoggingSystem.java:57) ~[spring-boot-2.4.2.jar:2.4.2]
	at org.springframework.boot.logging.log4j2.Log4J2LoggingSystem.initialize(Log4J2LoggingSystem.java:163) ~[spring-boot-2.4.2.jar:2.4.2]
	at org.springframework.boot.context.logging.LoggingApplicationListener.initializeSystem(LoggingApplicationListener.java:315) ~[spring-boot-2.4.2.jar:2.4.2]
	... 18 more
Caused by: java.io.FileNotFoundException: C:\Users\irace\Desktop\Ahoracado\src\main\respources\log4j2.properties (El sistema no puede encontrar la ruta especificada)
	at java.io.FileInputStream.open0(Native Method) ~[?:1.8.0_271]
	at java.io.FileInputStream.open(FileInputStream.java:195) ~[?:1.8.0_271]
	at java.io.FileInputStream.<init>(FileInputStream.java:138) ~[?:1.8.0_271]
	at java.io.FileInputStream.<init>(FileInputStream.java:93) ~[?:1.8.0_271]
	at sun.net.www.protocol.file.FileURLConnection.connect(FileURLConnection.java:90) ~[?:1.8.0_271]
	at sun.net.www.protocol.file.FileURLConnection.getInputStream(FileURLConnection.java:188) ~[?:1.8.0_271]
	at java.net.URL.openStream(URL.java:1067) ~[?:1.8.0_271]
	at org.springframework.boot.logging.log4j2.Log4J2LoggingSystem.getConfigurationSource(Log4J2LoggingSystem.java:198) ~[spring-boot-2.4.2.jar:2.4.2]
	at org.springframework.boot.logging.log4j2.Log4J2LoggingSystem.loadConfiguration(Log4J2LoggingSystem.java:189) ~[spring-boot-2.4.2.jar:2.4.2]
	at org.springframework.boot.logging.log4j2.Log4J2LoggingSystem.loadConfiguration(Log4J2LoggingSystem.java:181) ~[spring-boot-2.4.2.jar:2.4.2]
	at org.springframework.boot.logging.AbstractLoggingSystem.initializeWithSpecificConfig(AbstractLoggingSystem.java:66) ~[spring-boot-2.4.2.jar:2.4.2]
	at org.springframework.boot.logging.AbstractLoggingSystem.initialize(AbstractLoggingSystem.java:57) ~[spring-boot-2.4.2.jar:2.4.2]
	at org.springframework.boot.logging.log4j2.Log4J2LoggingSystem.initialize(Log4J2LoggingSystem.java:163) ~[spring-boot-2.4.2.jar:2.4.2]
	at org.springframework.boot.context.logging.LoggingApplicationListener.initializeSystem(LoggingApplicationListener.java:315) ~[spring-boot-2.4.2.jar:2.4.2]
	... 18 more
[ERROR] 2021-02-03 20:54:43.321 [main] SpringApplication - Application run failed
java.lang.IllegalStateException: java.lang.IllegalStateException: Could not initialize Log4J2 logging from src/main/respources/log4j2.properties
	at org.springframework.boot.context.logging.LoggingApplicationListener.initializeSystem(LoggingApplicationListener.java:327) ~[spring-boot-2.4.2.jar:2.4.2]
	at org.springframework.boot.context.logging.LoggingApplicationListener.initialize(LoggingApplicationListener.java:281) ~[spring-boot-2.4.2.jar:2.4.2]
	at org.springframework.boot.context.logging.LoggingApplicationListener.onApplicationEnvironmentPreparedEvent(LoggingApplicationListener.java:239) ~[spring-boot-2.4.2.jar:2.4.2]
	at org.springframework.boot.context.logging.LoggingApplicationListener.onApplicationEvent(LoggingApplicationListener.java:216) ~[spring-boot-2.4.2.jar:2.4.2]
	at org.springframework.context.event.SimpleApplicationEventMulticaster.doInvokeListener(SimpleApplicationEventMulticaster.java:176) ~[spring-context-5.3.3.jar:5.3.3]
	at org.springframework.context.event.SimpleApplicationEventMulticaster.invokeListener(SimpleApplicationEventMulticaster.java:169) ~[spring-context-5.3.3.jar:5.3.3]
	at org.springframework.context.event.SimpleApplicationEventMulticaster.multicastEvent(SimpleApplicationEventMulticaster.java:143) ~[spring-context-5.3.3.jar:5.3.3]
	at org.springframework.context.event.SimpleApplicationEventMulticaster.multicastEvent(SimpleApplicationEventMulticaster.java:131) ~[spring-context-5.3.3.jar:5.3.3]
	at org.springframework.boot.context.event.EventPublishingRunListener.environmentPrepared(EventPublishingRunListener.java:82) ~[spring-boot-2.4.2.jar:2.4.2]
	at org.springframework.boot.SpringApplicationRunListeners.lambda$environmentPrepared$2(SpringApplicationRunListeners.java:63) ~[spring-boot-2.4.2.jar:2.4.2]
	at java.util.ArrayList.forEach(ArrayList.java:1259) ~[?:1.8.0_271]
	at org.springframework.boot.SpringApplicationRunListeners.doWithListeners(SpringApplicationRunListeners.java:117) ~[spring-boot-2.4.2.jar:2.4.2]
	at org.springframework.boot.SpringApplicationRunListeners.doWithListeners(SpringApplicationRunListeners.java:111) ~[spring-boot-2.4.2.jar:2.4.2]
	at org.springframework.boot.SpringApplicationRunListeners.environmentPrepared(SpringApplicationRunListeners.java:62) ~[spring-boot-2.4.2.jar:2.4.2]
	at org.springframework.boot.SpringApplication.prepareEnvironment(SpringApplication.java:362) [spring-boot-2.4.2.jar:2.4.2]
	at org.springframework.boot.SpringApplication.run(SpringApplication.java:320) [spring-boot-2.4.2.jar:2.4.2]
	at org.springframework.boot.SpringApplication.run(SpringApplication.java:1311) [spring-boot-2.4.2.jar:2.4.2]
	at org.springframework.boot.SpringApplication.run(SpringApplication.java:1300) [spring-boot-2.4.2.jar:2.4.2]
	at es.salesianos.demo.DemoApplication.main(DemoApplication.java:13) [classes/:?]
Caused by: java.lang.IllegalStateException: Could not initialize Log4J2 logging from src/main/respources/log4j2.properties
	at org.springframework.boot.logging.log4j2.Log4J2LoggingSystem.loadConfiguration(Log4J2LoggingSystem.java:193) ~[spring-boot-2.4.2.jar:2.4.2]
	at org.springframework.boot.logging.log4j2.Log4J2LoggingSystem.loadConfiguration(Log4J2LoggingSystem.java:181) ~[spring-boot-2.4.2.jar:2.4.2]
	at org.springframework.boot.logging.AbstractLoggingSystem.initializeWithSpecificConfig(AbstractLoggingSystem.java:66) ~[spring-boot-2.4.2.jar:2.4.2]
	at org.springframework.boot.logging.AbstractLoggingSystem.initialize(AbstractLoggingSystem.java:57) ~[spring-boot-2.4.2.jar:2.4.2]
	at org.springframework.boot.logging.log4j2.Log4J2LoggingSystem.initialize(Log4J2LoggingSystem.java:163) ~[spring-boot-2.4.2.jar:2.4.2]
	at org.springframework.boot.context.logging.LoggingApplicationListener.initializeSystem(LoggingApplicationListener.java:315) ~[spring-boot-2.4.2.jar:2.4.2]
	... 18 more
Caused by: java.io.FileNotFoundException: C:\Users\irace\Desktop\Ahoracado\src\main\respources\log4j2.properties (El sistema no puede encontrar la ruta especificada)
	at java.io.FileInputStream.open0(Native Method) ~[?:1.8.0_271]
	at java.io.FileInputStream.open(FileInputStream.java:195) ~[?:1.8.0_271]
	at java.io.FileInputStream.<init>(FileInputStream.java:138) ~[?:1.8.0_271]
	at java.io.FileInputStream.<init>(FileInputStream.java:93) ~[?:1.8.0_271]
	at sun.net.www.protocol.file.FileURLConnection.connect(FileURLConnection.java:90) ~[?:1.8.0_271]
	at sun.net.www.protocol.file.FileURLConnection.getInputStream(FileURLConnection.java:188) ~[?:1.8.0_271]
	at java.net.URL.openStream(URL.java:1067) ~[?:1.8.0_271]
	at org.springframework.boot.logging.log4j2.Log4J2LoggingSystem.getConfigurationSource(Log4J2LoggingSystem.java:198) ~[spring-boot-2.4.2.jar:2.4.2]
	at org.springframework.boot.logging.log4j2.Log4J2LoggingSystem.loadConfiguration(Log4J2LoggingSystem.java:189) ~[spring-boot-2.4.2.jar:2.4.2]
	at org.springframework.boot.logging.log4j2.Log4J2LoggingSystem.loadConfiguration(Log4J2LoggingSystem.java:181) ~[spring-boot-2.4.2.jar:2.4.2]
	at org.springframework.boot.logging.AbstractLoggingSystem.initializeWithSpecificConfig(AbstractLoggingSystem.java:66) ~[spring-boot-2.4.2.jar:2.4.2]
	at org.springframework.boot.logging.AbstractLoggingSystem.initialize(AbstractLoggingSystem.java:57) ~[spring-boot-2.4.2.jar:2.4.2]
	at org.springframework.boot.logging.log4j2.Log4J2LoggingSystem.initialize(Log4J2LoggingSystem.java:163) ~[spring-boot-2.4.2.jar:2.4.2]
	at org.springframework.boot.context.logging.LoggingApplicationListener.initializeSystem(LoggingApplicationListener.java:315) ~[spring-boot-2.4.2.jar:2.4.2]
	... 18 more
